#
# There is insufficient memory for the Java Runtime Environment to continue.
# Native memory allocation (malloc) failed to allocate 1048576 bytes for AllocateHeap
# Possible reasons:
#   The system is out of physical RAM or swap space
#   The process is running with CompressedOops enabled, and the Java Heap may be blocking the growth of the native heap
# Possible solutions:
#   Reduce memory load on the system
#   Increase physical memory or swap space
#   Check if swap backing store is full
#   Decrease Java heap size (-Xmx/-Xms)
#   Decrease number of Java threads
#   Decrease Java thread stack sizes (-Xss)
#   Set larger code cache with -XX:ReservedCodeCacheSize=
#   JVM is running with Unscaled Compressed Oops mode in which the Java heap is
#     placed in the first 4GB address space. The Java Heap base address is the
#     maximum limit for the native heap growth. Please use -XX:HeapBaseMinAddress
#     to set the Java Heap base and to place the Java Heap above 4GB virtual address.
# This output file may be truncated or incomplete.
#
#  Out of Memory Error (./open/src/hotspot/share/memory/allocation.cpp:44), pid=2808, tid=9304
#
# JRE version: Java(TM) SE Runtime Environment (15.0.2+7) (build 15.0.2+7-27)
# Java VM: Java HotSpot(TM) 64-Bit Server VM (15.0.2+7-27, mixed mode, sharing, tiered, compressed oops, g1 gc, windows-amd64)
# No core dump will be written. Minidumps are not enabled by default on client versions of Windows
#

---------------  S U M M A R Y ------------

Command Line: -Dapplication.home=C:\Program Files\Java\jdk-15.0.2 --add-modules=ALL-DEFAULT -Xms8m -Djdk.module.main=jdk.compiler jdk.compiler/com.sun.tools.javac.Main -d C:\Users\Yorman Colina\OneDrive\Desktop\Talleres Sofka\buenas practicas de programación\Lista-musica-Java\music list\build\classes -classpath C:\Users\Yorman Colina\OneDrive\Desktop\Talleres Sofka\buenas practicas de programación\Lista-musica-Java\music list\build\classes -sourcepath C:\Users\Yorman Colina\OneDrive\Desktop\Talleres Sofka\buenas practicas de programación\Lista-musica-Java\music list\build\empty -target 15 -encoding UTF-8 -g -processorpath C:\Users\Yorman Colina\OneDrive\Desktop\Talleres Sofka\buenas practicas de programación\Lista-musica-Java\music list\build\empty -s C:\Users\Yorman Colina\OneDrive\Desktop\Talleres Sofka\buenas practicas de programación\Lista-musica-Java\music list\build\generated-sources\ap-source-output -source 15 C:\Users\Yorman Colina\OneDrive\Desktop\Talleres Sofka\buenas practicas de programación\Lista-musica-Java\music list\src\music\list\Album.java C:\Users\Yorman Colina\OneDrive\Desktop\Talleres Sofka\buenas practicas de programación\Lista-musica-Java\music list\src\music\list\FilterMusic.java C:\Users\Yorman Colina\OneDrive\Desktop\Talleres Sofka\buenas practicas de programación\Lista-musica-Java\music list\src\music\list\IMusic.java C:\Users\Yorman Colina\OneDrive\Desktop\Talleres Sofka\buenas practicas de programación\Lista-musica-Java\music list\src\music\list\Music.java C:\Users\Yorman Colina\OneDrive\Desktop\Talleres Sofka\buenas practicas de programación\Lista-musica-Java\music list\src\music\list\MusicList.java

Host: Intel(R) Core(TM) i7-4600U CPU @ 2.10GHz, 4 cores, 3G,  Windows 10 , 64 bit Build 19041 (10.0.19041.1503)
Time: Thu Feb 10 22:52:00 2022 Hora est. Pacífico, Sudamérica elapsed time: 0.440121 seconds (0d 0h 0m 0s)

---------------  T H R E A D  ---------------

Current thread (0x000001dfb92c3c50):  VMThread "VM Thread" [stack: 0x0000005a44100000,0x0000005a44200000] [id=9304]

Stack: [0x0000005a44100000,0x0000005a44200000]
[error occurred during error reporting (printing stack bounds), id 0xc0000005, EXCEPTION_ACCESS_VIOLATION (0xc0000005) at pc=0x000001dfc14410ad]

Native frames: (J=compiled Java code, j=interpreted, Vv=VM code, C=native code)
V  [jvm.dll+0x62ae9a]
V  [jvm.dll+0x7817a9]
V  [jvm.dll+0x782f03]
V  [jvm.dll+0x7834c5]
V  [jvm.dll+0x78347b]
V  [jvm.dll+0x62a2b9]
V  [jvm.dll+0x62aa88]
C  [ntdll.dll+0xa20cf]
C  [ntdll.dll+0x51454]
C  [ntdll.dll+0xa0bfe]
C  0x000001dfc14410ad

VM_Operation (0x0000005a43bfcb90): CollectForMetadataAllocation, mode: safepoint, requested by thread 0x000001dfb920c830


---------------  P R O C E S S  ---------------

Threads class SMR info:
_java_thread_list=0x000001dfd5841970, length=11, elements={
0x000001dfb920c830, 0x000001dfb92caba0, 0x000001dfb92cbe10, 0x000001dfd56050a0,
0x000001dfd5606970, 0x000001dfd5607320, 0x000001dfd56080b0, 0x000001dfd560ab60,
0x000001dfd566eef0, 0x000001dfd56dd270, 0x000001dfd58a1320
}

Java Threads: ( => current thread )
  0x000001dfb920c830 JavaThread "main" [_thread_blocked, id=7372, stack(0x0000005a43b00000,0x0000005a43c00000)]
  0x000001dfb92caba0 JavaThread "Reference Handler" daemon [_thread_blocked, id=1212, stack(0x0000005a44200000,0x0000005a44300000)]
  0x000001dfb92cbe10 JavaThread "Finalizer" daemon [_thread_blocked, id=948, stack(0x0000005a44300000,0x0000005a44400000)]
  0x000001dfd56050a0 JavaThread "Signal Dispatcher" daemon [_thread_blocked, id=10328, stack(0x0000005a44400000,0x0000005a44500000)]
  0x000001dfd5606970 JavaThread "Attach Listener" daemon [_thread_blocked, id=11640, stack(0x0000005a44500000,0x0000005a44600000)]
  0x000001dfd5607320 JavaThread "Service Thread" daemon [_thread_blocked, id=11316, stack(0x0000005a44600000,0x0000005a44700000)]
  0x000001dfd56080b0 JavaThread "C2 CompilerThread0" daemon [_thread_blocked, id=10364, stack(0x0000005a44700000,0x0000005a44800000)]
  0x000001dfd560ab60 JavaThread "C1 CompilerThread0" daemon [_thread_blocked, id=4016, stack(0x0000005a44800000,0x0000005a44900000)]
  0x000001dfd566eef0 JavaThread "Sweeper thread" daemon [_thread_blocked, id=4460, stack(0x0000005a44900000,0x0000005a44a00000)]
  0x000001dfd56dd270 JavaThread "Common-Cleaner" daemon [_thread_blocked, id=9316, stack(0x0000005a44a00000,0x0000005a44b00000)]
  0x000001dfd58a1320 JavaThread "Notification Thread" daemon [_thread_blocked, id=1308, stack(0x0000005a44b00000,0x0000005a44c00000)]

Other Threads:
=>0x000001dfb92c3c50 VMThread "VM Thread" [stack: 0x0000005a44100000,0x0000005a44200000] [id=9304]
  0x000001dfd5905f80 WatcherThread [stack: 0x0000005a44c00000,0x0000005a44d00000] [id=580]
  0x000001dfb923a8f0 GCTaskThread "GC Thread#0" [stack: 0x0000005a43c00000,0x0000005a43d00000] [id=11808]
  0x000001dfd598d950 GCTaskThread "GC Thread#1" [stack: 0x0000005a44d00000,0x0000005a44e00000] [id=1096]
  0x000001dfb9243610 ConcurrentGCThread "G1 Main Marker" [stack: 0x0000005a43d00000,0x0000005a43e00000] [id=7768]
  0x000001dfb9246600 ConcurrentGCThread "G1 Conc#0" [stack: 0x0000005a43e00000,0x0000005a43f00000] [id=4196]
  0x000001dfb925f9f0 ConcurrentGCThread "G1 Refine#0" [stack: 0x0000005a43f00000,0x0000005a44000000] [id=10656]
  0x000001dfb92609d0 ConcurrentGCThread "G1 Young RemSet Sampling" [stack: 0x0000005a44000000,0x0000005a44100000] [id=11080]

Threads with active compile tasks:

VM state: at safepoint (normal execution)

VM Mutex/Monitor currently owned by a thread:  ([mutex/lock_event])
[0x000001dfb9207b60] Threads_lock - owner thread: 0x000001dfb92c3c50
[0x000001dfb92086a0] Heap_lock - owner thread: 0x000001dfb920c830

Heap address: 0x00000000c1600000, size: 1002 MB, Compressed Oops mode: 32-bit
CDS archive(s) mapped at: [0x0000000800000000-0x0000000800b50000-0x0000000800b50000), size 11862016, SharedBaseAddress: 0x0000000800000000, ArchiveRelocationMode: 0.
Compressed class space mapped at: 0x0000000800b50000-0x0000000840b50000, size: 1073741824
Narrow klass base: 0x0000000800000000, Narrow klass shift: 3, Narrow klass range: 0x100000000

GC Precious Log:
 CPUs: 4 total, 4 available
 Memory: 4001M
 Large Page Support: Disabled
 NUMA Support: Disabled
 Compressed Oops: Enabled (32-bit)
 Heap Region Size: 1M
 Heap Min Capacity: 8M
 Heap Initial Capacity: 8M
 Heap Max Capacity: 1002M
 Pre-touch: Disabled
 Parallel Workers: 4
 Concurrent Workers: 1
 Concurrent Refinement Workers: 4
 Periodic GC: Disabled

Heap:
 garbage-first heap   total 8192K, used 1676K [0x00000000c1600000, 0x0000000100000000)
  region size 1024K, 1 young (1024K), 1 survivors (1024K)
 Metaspace       used 3297K, capacity 6871K, committed 6912K, reserved 1064960K
  class space    used 417K, capacity 737K, committed 768K, reserved 1048576K

Heap Regions: E=young(eden), S=young(survivor), O=old, HS=humongous(starts), HC=humongous(continues), CS=collection set, F=free, OA=open archive, CA=closed archive, TAMS=top-at-mark-start (previous, next)
|   0|0x00000000c1600000, 0x00000000c1700000, 0x00000000c1700000|100%| O|  |TAMS 0x00000000c1600000, 0x00000000c161c600| Untracked 
|   1|0x00000000c1700000, 0x00000000c171e600, 0x00000000c1800000| 11%| O|  |TAMS 0x00000000c1700000, 0x00000000c1700000| Untracked 
|   2|0x00000000c1800000, 0x00000000c1800000, 0x00000000c1900000|  0%| F|  |TAMS 0x00000000c1800000, 0x00000000c1800000| Untracked 
|   3|0x00000000c1900000, 0x00000000c1900000, 0x00000000c1a00000|  0%| F|  |TAMS 0x00000000c1900000, 0x00000000c1900000| Untracked 
|   4|0x00000000c1a00000, 0x00000000c1a00000, 0x00000000c1b00000|  0%| F|  |TAMS 0x00000000c1a00000, 0x00000000c1a00000| Untracked 
|   5|0x00000000c1b00000, 0x00000000c1b00000, 0x00000000c1c00000|  0%| F|  |TAMS 0x00000000c1b00000, 0x00000000c1b00000| Untracked 
|   6|0x00000000c1c00000, 0x00000000c1c84c18, 0x00000000c1d00000| 51%| S|CS|TAMS 0x00000000c1c00000, 0x00000000c1c00000| Complete 
|   7|0x00000000c1d00000, 0x00000000c1d00000, 0x00000000c1e00000|  0%| F|  |TAMS 0x00000000c1d00000, 0x00000000c1d00000| Untracked 

Card table byte_map: [0x000001dfd0640000,0x000001dfd0840000] _byte_map_base: 0x000001dfd0035000

Marking Bits (Prev, Next): (CMBitMap*) 0x000001dfb923ada0, (CMBitMap*) 0x000001dfb923ade0
 Prev Bits: [0x000001dfd0a40000, 0x000001dfd19e8000)
 Next Bits: [0x000001dfd19f0000, 0x000001dfd2998000)

Polling page: 0x000001dfb89e0000

Metaspace:

Usage:
  Non-class:      5.99 MB capacity,     2.81 MB ( 47%) used,     3.17 MB ( 53%) free+waste,     4.44 KB ( <1%) overhead. 
      Class:    737.00 KB capacity,   417.02 KB ( 57%) used,   317.73 KB ( 43%) free+waste,     2.25 KB ( <1%) overhead. 
       Both:      6.71 MB capacity,     3.22 MB ( 48%) used,     3.48 MB ( 52%) free+waste,     6.69 KB ( <1%) overhead. 

Virtual space:
  Non-class space:       16.00 MB reserved,       6.00 MB ( 38%) committed 
      Class space:        1.00 GB reserved,     768.00 KB ( <1%) committed 
             Both:        1.02 GB reserved,       6.75 MB ( <1%) committed 

Chunk freelists:
   Non-Class:  10.00 KB
       Class:  31.00 KB
        Both:  41.00 KB

MaxMetaspaceSize: 17179869184.00 GB
CompressedClassSpaceSize: 1.00 GB

CodeHeap 'non-profiled nmethods': size=120000Kb used=157Kb max_used=157Kb free=119843Kb
 bounds [0x000001dfc8f10000, 0x000001dfc9180000, 0x000001dfd0440000]
CodeHeap 'profiled nmethods': size=120000Kb used=680Kb max_used=680Kb free=119319Kb
 bounds [0x000001dfc19e0000, 0x000001dfc1c50000, 0x000001dfc8f10000]
CodeHeap 'non-nmethods': size=5760Kb used=1120Kb max_used=1135Kb free=4639Kb
 bounds [0x000001dfc1440000, 0x000001dfc16b0000, 0x000001dfc19e0000]
 total_blobs=852 nmethods=489 adapters=276
 compilation: enabled
              stopped_count=0, restarted_count=0
 full_count=0

Compilation events (20 events):
Event: 0.416 Thread 0x000001dfd560ab60 nmethod 478 0x000001dfc1a81710 code [0x000001dfc1a818e0, 0x000001dfc1a81bc8]
Event: 0.416 Thread 0x000001dfd560ab60  479       3       jdk.internal.jimage.ImageLocation::verify (50 bytes)
Event: 0.417 Thread 0x000001dfd560ab60 nmethod 479 0x000001dfc1a81d10 code [0x000001dfc1a81f40, 0x000001dfc1a826a8]
Event: 0.417 Thread 0x000001dfd560ab60  482       3       jdk.internal.org.objectweb.asm.SymbolTable::addConstantMemberReference (147 bytes)
Event: 0.419 Thread 0x000001dfd560ab60 nmethod 482 0x000001dfc1a82a10 code [0x000001dfc1a82c80, 0x000001dfc1a83528]
Event: 0.419 Thread 0x000001dfd560ab60  484       3       java.security.CodeSource::<init> (52 bytes)
Event: 0.419 Thread 0x000001dfd560ab60 nmethod 484 0x000001dfc1a83a90 code [0x000001dfc1a83c60, 0x000001dfc1a84178]
Event: 0.419 Thread 0x000001dfd560ab60  485       3       sun.net.util.URLUtil::urlNoFragString (114 bytes)
Event: 0.420 Thread 0x000001dfd56080b0 nmethod 480 0x000001dfc8f36910 code [0x000001dfc8f36aa0, 0x000001dfc8f37058]
Event: 0.421 Thread 0x000001dfd560ab60 nmethod 485 0x000001dfc1a84290 code [0x000001dfc1a845c0, 0x000001dfc1a855e8]
Event: 0.421 Thread 0x000001dfd560ab60  486       3       java.net.URL::getDefaultPort (8 bytes)
Event: 0.422 Thread 0x000001dfd560ab60 nmethod 486 0x000001dfc1a85b90 code [0x000001dfc1a85d20, 0x000001dfc1a85f18]
Event: 0.422 Thread 0x000001dfd560ab60  489   !   3       jdk.internal.loader.BuiltinClassLoader::defineClass (162 bytes)
Event: 0.424 Thread 0x000001dfd560ab60 nmethod 489 0x000001dfc1a86010 code [0x000001dfc1a86420, 0x000001dfc1a881a8]
Event: 0.424 Thread 0x000001dfd560ab60  487       3       java.security.SecureClassLoader::defineClass (12 bytes)
Event: 0.424 Thread 0x000001dfd560ab60 nmethod 487 0x000001dfc1a89090 code [0x000001dfc1a89240, 0x000001dfc1a893d8]
Event: 0.424 Thread 0x000001dfd560ab60  488       3       java.security.SecureClassLoader$CodeSourceKey::equals (56 bytes)
Event: 0.425 Thread 0x000001dfd560ab60 nmethod 488 0x000001dfc1a89490 code [0x000001dfc1a89680, 0x000001dfc1a89cb8]
Event: 0.425 Thread 0x000001dfd560ab60  483       3       jdk.internal.org.objectweb.asm.SymbolTable::hash (20 bytes)
Event: 0.425 Thread 0x000001dfd560ab60 nmethod 483 0x000001dfc1a89e90 code [0x000001dfc1a8a060, 0x000001dfc1a8a228]

GC Heap History (4 events):
Event: 0.375 GC heap before
{Heap before GC invocations=0 (full 0):
 garbage-first heap   total 8192K, used 3072K [0x00000000c1600000, 0x0000000100000000)
  region size 1024K, 3 young (3072K), 0 survivors (0K)
 Metaspace       used 2553K, capacity 6135K, committed 6400K, reserved 1056768K
  class space    used 318K, capacity 641K, committed 768K, reserved 1048576K
}
Event: 0.381 GC heap after
{Heap after GC invocations=1 (full 0):
 garbage-first heap   total 8192K, used 1137K [0x00000000c1600000, 0x0000000100000000)
  region size 1024K, 1 young (1024K), 1 survivors (1024K)
 Metaspace       used 2553K, capacity 6135K, committed 6400K, reserved 1056768K
  class space    used 318K, capacity 641K, committed 768K, reserved 1048576K
}
Event: 0.435 GC heap before
{Heap before GC invocations=1 (full 0):
 garbage-first heap   total 8192K, used 1137K [0x00000000c1600000, 0x0000000100000000)
  region size 1024K, 2 young (2048K), 1 survivors (1024K)
 Metaspace       used 3297K, capacity 6871K, committed 6912K, reserved 1062912K
  class space    used 417K, capacity 737K, committed 768K, reserved 1048576K
}
Event: 0.437 GC heap after
{Heap after GC invocations=2 (full 0):
 garbage-first heap   total 8192K, used 1676K [0x00000000c1600000, 0x0000000100000000)
  region size 1024K, 1 young (1024K), 1 survivors (1024K)
 Metaspace       used 3297K, capacity 6871K, committed 6912K, reserved 1062912K
  class space    used 417K, capacity 737K, committed 768K, reserved 1048576K
}

Deoptimization events (20 events):
Event: 0.196 Thread 0x000001dfb920c830 Uncommon trap: trap_request=0xffffffde fr.pc=0x000001dfc8f1d9c8 relative=0x0000000000000768
Event: 0.196 Thread 0x000001dfb920c830 Uncommon trap: reason=class_check action=maybe_recompile pc=0x000001dfc8f1d9c8 method=java.util.HashMap.putVal(ILjava/lang/Object;Ljava/lang/Object;ZZ)Ljava/lang/Object; @ 152 c2
Event: 0.196 Thread 0x000001dfb920c830 DEOPT PACKING pc=0x000001dfc8f1d9c8 sp=0x0000005a43bfdae0
Event: 0.196 Thread 0x000001dfb920c830 DEOPT UNPACKING pc=0x000001dfc148e42f sp=0x0000005a43bfda60 mode 2
Event: 0.197 Thread 0x000001dfb920c830 Uncommon trap: trap_request=0xffffffde fr.pc=0x000001dfc8f1d9c8 relative=0x0000000000000768
Event: 0.197 Thread 0x000001dfb920c830 Uncommon trap: reason=class_check action=maybe_recompile pc=0x000001dfc8f1d9c8 method=java.util.HashMap.putVal(ILjava/lang/Object;Ljava/lang/Object;ZZ)Ljava/lang/Object; @ 152 c2
Event: 0.197 Thread 0x000001dfb920c830 DEOPT PACKING pc=0x000001dfc8f1d9c8 sp=0x0000005a43bfdbf0
Event: 0.198 Thread 0x000001dfb920c830 DEOPT UNPACKING pc=0x000001dfc148e42f sp=0x0000005a43bfdb70 mode 2
Event: 0.198 Thread 0x000001dfb920c830 Uncommon trap: trap_request=0xffffffde fr.pc=0x000001dfc8f1d9c8 relative=0x0000000000000768
Event: 0.198 Thread 0x000001dfb920c830 Uncommon trap: reason=class_check action=maybe_recompile pc=0x000001dfc8f1d9c8 method=java.util.HashMap.putVal(ILjava/lang/Object;Ljava/lang/Object;ZZ)Ljava/lang/Object; @ 152 c2
Event: 0.198 Thread 0x000001dfb920c830 DEOPT PACKING pc=0x000001dfc8f1d9c8 sp=0x0000005a43bfdbf0
Event: 0.198 Thread 0x000001dfb920c830 DEOPT UNPACKING pc=0x000001dfc148e42f sp=0x0000005a43bfdb70 mode 2
Event: 0.198 Thread 0x000001dfb920c830 Uncommon trap: trap_request=0xffffffde fr.pc=0x000001dfc8f1d9c8 relative=0x0000000000000768
Event: 0.198 Thread 0x000001dfb920c830 Uncommon trap: reason=class_check action=maybe_recompile pc=0x000001dfc8f1d9c8 method=java.util.HashMap.putVal(ILjava/lang/Object;Ljava/lang/Object;ZZ)Ljava/lang/Object; @ 152 c2
Event: 0.198 Thread 0x000001dfb920c830 DEOPT PACKING pc=0x000001dfc8f1d9c8 sp=0x0000005a43bfdbf0
Event: 0.198 Thread 0x000001dfb920c830 DEOPT UNPACKING pc=0x000001dfc148e42f sp=0x0000005a43bfdb70 mode 2
Event: 0.308 Thread 0x000001dfb920c830 Uncommon trap: trap_request=0xffffff45 fr.pc=0x000001dfc8f297c8 relative=0x00000000000007e8
Event: 0.308 Thread 0x000001dfb920c830 Uncommon trap: reason=unstable_if action=reinterpret pc=0x000001dfc8f297c8 method=java.util.HashMap.putVal(ILjava/lang/Object;Ljava/lang/Object;ZZ)Ljava/lang/Object; @ 181 c2
Event: 0.308 Thread 0x000001dfb920c830 DEOPT PACKING pc=0x000001dfc8f297c8 sp=0x0000005a43bfee20
Event: 0.308 Thread 0x000001dfb920c830 DEOPT UNPACKING pc=0x000001dfc148e42f sp=0x0000005a43bfedb0 mode 2

Classes unloaded (0 events):
No events

Classes redefined (0 events):
No events

Internal exceptions (10 events):
Event: 0.204 Thread 0x000001dfb920c830 Exception <a 'java/lang/NoSuchMethodError'{0x00000000c1cab588}: 'java.lang.Object java.lang.invoke.DirectMethodHandle$Holder.invokeStatic(java.lang.Object)'> (0x00000000c1cab588) 
thrown [./open/src/hotspot/share/interpreter/linkResolver.cpp, line 782]
Event: 0.248 Thread 0x000001dfb920c830 Exception <a 'java/lang/NoSuchMethodError'{0x00000000c1b1bff0}: 'void java.lang.invoke.DirectMethodHandle$Holder.invokeSpecial(java.lang.Object, java.lang.Object, java.lang.Object)'> (0x00000000c1b1bff0) 
thrown [./open/src/hotspot/share/interpreter/linkResolver.cpp, line 782]
Event: 0.312 Thread 0x000001dfb920c830 Exception <a 'java/lang/NoSuchMethodError'{0x00000000c1b75628}: 'java.lang.Object java.lang.invoke.DirectMethodHandle$Holder.invokeVirtual(java.lang.Object, java.lang.Object, java.lang.Object)'> (0x00000000c1b75628) 
thrown [./open/src/hotspot/share/interpreter/linkResolver.cpp, line 782]
Event: 0.316 Thread 0x000001dfb920c830 Exception <a 'java/lang/NoSuchMethodError'{0x00000000c1b823d0}: 'int java.lang.invoke.DirectMethodHandle$Holder.invokeInterface(java.lang.Object, java.lang.Object)'> (0x00000000c1b823d0) 
thrown [./open/src/hotspot/share/interpreter/linkResolver.cpp, line 782]
Event: 0.318 Thread 0x000001dfb920c830 Exception <a 'sun/nio/fs/WindowsException'{0x00000000c1b8c370}> (0x00000000c1b8c370) 
thrown [./open/src/hotspot/share/prims/jni.cpp, line 578]
Event: 0.319 Thread 0x000001dfb920c830 Exception <a 'sun/nio/fs/WindowsException'{0x00000000c1b8ce78}> (0x00000000c1b8ce78) 
thrown [./open/src/hotspot/share/prims/jni.cpp, line 578]
Event: 0.319 Thread 0x000001dfb920c830 Exception <a 'sun/nio/fs/WindowsException'{0x00000000c1b8de48}> (0x00000000c1b8de48) 
thrown [./open/src/hotspot/share/prims/jni.cpp, line 578]
Event: 0.319 Thread 0x000001dfb920c830 Exception <a 'sun/nio/fs/WindowsException'{0x00000000c1b8e2c8}> (0x00000000c1b8e2c8) 
thrown [./open/src/hotspot/share/prims/jni.cpp, line 578]
Event: 0.323 Thread 0x000001dfb920c830 Exception <a 'java/lang/NoSuchMethodError'{0x00000000c1b92f98}: 'int java.lang.invoke.DirectMethodHandle$Holder.invokeVirtual(java.lang.Object, java.lang.Object, java.lang.Object)'> (0x00000000c1b92f98) 
thrown [./open/src/hotspot/share/interpreter/linkResolver.cpp, line 782]
Event: 0.325 Thread 0x000001dfb920c830 Exception <a 'java/lang/NoSuchMethodError'{0x00000000c1b99ae8}: 'void java.lang.invoke.DirectMethodHandle$Holder.invokeInterface(java.lang.Object, java.lang.Object, java.lang.Object)'> (0x00000000c1b99ae8) 
thrown [./open/src/hotspot/share/interpreter/linkResolver.cpp, line 782]

Events (20 events):
Event: 0.340 loading class java/lang/invoke/BoundMethodHandle$Species_LLL done
Event: 0.342 loading class java/lang/invoke/BoundMethodHandle$Species_LJ
Event: 0.342 loading class java/lang/invoke/BoundMethodHandle$Species_LJ done
Event: 0.344 loading class java/lang/invoke/BoundMethodHandle$Species_LLLL
Event: 0.344 loading class java/lang/invoke/BoundMethodHandle$Species_LLLL done
Event: 0.346 loading class java/util/concurrent/Callable
Event: 0.346 loading class java/util/concurrent/Callable done
Event: 0.349 loading class java/io/StringWriter
Event: 0.350 loading class java/io/StringWriter done
Event: 0.352 loading class java/util/regex/Pattern$StartS
Event: 0.352 loading class java/util/regex/Pattern$StartS done
Event: 0.374 Executing VM operation: G1CollectForAllocation
Event: 0.385 Executing VM operation: G1CollectForAllocation done
Event: 0.385 Executing VM operation: HandshakeAllThreads
Event: 0.385 Executing VM operation: HandshakeAllThreads done
Event: 0.419 loading class java/nio/file/ClosedFileSystemException
Event: 0.419 loading class java/nio/file/ClosedFileSystemException done
Event: 0.419 loading class java/lang/ArrayIndexOutOfBoundsException
Event: 0.419 loading class java/lang/ArrayIndexOutOfBoundsException done
Event: 0.435 Executing VM operation: CollectForMetadataAllocation


Dynamic libraries:
0x00007ff7068d0000 - 0x00007ff7068d8000 	C:\Program Files\Java\jdk-15.0.2\bin\javac.exe
0x00007ffc06850000 - 0x00007ffc06a45000 	C:\WINDOWS\SYSTEM32\ntdll.dll
0x00007ffbe6160000 - 0x00007ffbe6176000 	C:\Program Files\Avast Software\Avast\aswhook.dll
0x00007ffc06130000 - 0x00007ffc061ee000 	C:\WINDOWS\System32\KERNEL32.DLL
0x00007ffc043d0000 - 0x00007ffc04698000 	C:\WINDOWS\System32\KERNELBASE.dll
0x00007ffc040c0000 - 0x00007ffc041c0000 	C:\WINDOWS\System32\ucrtbase.dll
0x00007ffbed050000 - 0x00007ffbed068000 	C:\Program Files\Java\jdk-15.0.2\bin\jli.dll
0x00007ffc05fa0000 - 0x00007ffc0604e000 	C:\WINDOWS\System32\ADVAPI32.dll
0x00007ffc05310000 - 0x00007ffc053ae000 	C:\WINDOWS\System32\msvcrt.dll
0x00007ffc04900000 - 0x00007ffc0499c000 	C:\WINDOWS\System32\sechost.dll
0x00007ffc06260000 - 0x00007ffc06385000 	C:\WINDOWS\System32\RPCRT4.dll
0x00007ffc05480000 - 0x00007ffc05620000 	C:\WINDOWS\System32\USER32.dll
0x00007ffc04090000 - 0x00007ffc040b2000 	C:\WINDOWS\System32\win32u.dll
0x00007ffc06100000 - 0x00007ffc0612b000 	C:\WINDOWS\System32\GDI32.dll
0x00007ffc042c0000 - 0x00007ffc043cd000 	C:\WINDOWS\System32\gdi32full.dll
0x00007ffc03f60000 - 0x00007ffc03ffd000 	C:\WINDOWS\System32\msvcp_win.dll
0x00007ffbfde90000 - 0x00007ffbfdea9000 	C:\Program Files\Java\jdk-15.0.2\bin\VCRUNTIME140.dll
0x00007ffbfa730000 - 0x00007ffbfa9ca000 	C:\WINDOWS\WinSxS\amd64_microsoft.windows.common-controls_6595b64144ccf1df_6.0.19041.1110_none_60b5254171f9507e\COMCTL32.dll
0x00007ffbfde50000 - 0x00007ffbfde5a000 	C:\WINDOWS\SYSTEM32\VERSION.dll
0x00007ffc057c0000 - 0x00007ffc057f0000 	C:\WINDOWS\System32\IMM32.DLL
0x00007ffbff8c0000 - 0x00007ffbff8cc000 	C:\Program Files\Java\jdk-15.0.2\bin\vcruntime140_1.dll
0x00007ffbe5280000 - 0x00007ffbe5311000 	C:\Program Files\Java\jdk-15.0.2\bin\msvcp140.dll
0x00007ffbacb60000 - 0x00007ffbad6be000 	C:\Program Files\Java\jdk-15.0.2\bin\server\jvm.dll
0x00007ffc05410000 - 0x00007ffc05418000 	C:\WINDOWS\System32\PSAPI.DLL
0x00007ffbf97e0000 - 0x00007ffbf97e9000 	C:\WINDOWS\SYSTEM32\WSOCK32.dll
0x00007ffbfabb0000 - 0x00007ffbfabd7000 	C:\WINDOWS\SYSTEM32\WINMM.dll
0x00007ffc061f0000 - 0x00007ffc0625b000 	C:\WINDOWS\System32\WS2_32.dll
0x00007ffc01e50000 - 0x00007ffc01e62000 	C:\WINDOWS\SYSTEM32\kernel.appcore.dll
0x00007ffbfeef0000 - 0x00007ffbfeefa000 	C:\Program Files\Java\jdk-15.0.2\bin\jimage.dll
0x00007ffbfd920000 - 0x00007ffbfdb04000 	C:\WINDOWS\SYSTEM32\DBGHELP.DLL
0x00007ffbfd580000 - 0x00007ffbfd5ac000 	C:\WINDOWS\SYSTEM32\dbgcore.DLL
0x00007ffc04000000 - 0x00007ffc04082000 	C:\WINDOWS\System32\bcryptPrimitives.dll
0x00007ffbfcb20000 - 0x00007ffbfcb45000 	C:\Program Files\Java\jdk-15.0.2\bin\java.dll
0x00007ffc04b60000 - 0x00007ffc052a4000 	C:\WINDOWS\System32\SHELL32.dll
0x00007ffc02050000 - 0x00007ffc027e4000 	C:\WINDOWS\SYSTEM32\windows.storage.dll
0x00007ffc05b40000 - 0x00007ffc05e95000 	C:\WINDOWS\System32\combase.dll
0x00007ffc039b0000 - 0x00007ffc039de000 	C:\WINDOWS\SYSTEM32\Wldp.dll
0x00007ffc05a90000 - 0x00007ffc05b3d000 	C:\WINDOWS\System32\SHCORE.dll
0x00007ffc048a0000 - 0x00007ffc048f5000 	C:\WINDOWS\System32\shlwapi.dll
0x00007ffc03ea0000 - 0x00007ffc03ebf000 	C:\WINDOWS\SYSTEM32\profapi.dll
0x00007ffbfd0e0000 - 0x00007ffbfd0f9000 	C:\Program Files\Java\jdk-15.0.2\bin\net.dll
0x00007ffbfa1e0000 - 0x00007ffbfa2ec000 	C:\WINDOWS\SYSTEM32\WINHTTP.dll
0x00007ffc03710000 - 0x00007ffc0377a000 	C:\WINDOWS\system32\mswsock.dll
0x00007ffbfc0e0000 - 0x00007ffbfc0f2000 	C:\Program Files\Java\jdk-15.0.2\bin\nio.dll

dbghelp: loaded successfully - version: 4.0.5 - missing functions: none
symbol engine: initialized successfully - sym options: 0x614 - pdb path: .;C:\Program Files\Java\jdk-15.0.2\bin;C:\WINDOWS\SYSTEM32;C:\Program Files\Avast Software\Avast;C:\WINDOWS\WinSxS\amd64_microsoft.windows.common-controls_6595b64144ccf1df_6.0.19041.1110_none_60b5254171f9507e;C:\Program Files\Java\jdk-15.0.2\bin\server

VM Arguments:
jvm_args: -Dapplication.home=C:\Program Files\Java\jdk-15.0.2 --add-modules=ALL-DEFAULT -Xms8m -Djdk.module.main=jdk.compiler 
java_command: jdk.compiler/com.sun.tools.javac.Main -d C:\Users\Yorman Colina\OneDrive\Desktop\Talleres Sofka\buenas practicas de programación\Lista-musica-Java\music list\build\classes -classpath C:\Users\Yorman Colina\OneDrive\Desktop\Talleres Sofka\buenas practicas de programación\Lista-musica-Java\music list\build\classes -sourcepath C:\Users\Yorman Colina\OneDrive\Desktop\Talleres Sofka\buenas practicas de programación\Lista-musica-Java\music list\build\empty -target 15 -encoding UTF-8 -g -processorpath C:\Users\Yorman Colina\OneDrive\Desktop\Talleres Sofka\buenas practicas de programación\Lista-musica-Java\music list\build\empty -s C:\Users\Yorman Colina\OneDrive\Desktop\Talleres Sofka\buenas practicas de programación\Lista-musica-Java\music list\build\generated-sources\ap-source-output -source 15 C:\Users\Yorman Colina\OneDrive\Desktop\Talleres Sofka\buenas practicas de programación\Lista-musica-Java\music list\src\music\list\Album.java C:\Users\Yorman Colina\OneDrive\Desktop\Talleres Sofka\buenas practicas de programación\Lista-musica-Java\music list\src\music\list\FilterMusic.java C:\Users\Yorman Colina\OneDrive\Desktop\Talleres Sofka\buenas practicas de programación\Lista-musica-Java\music list\src\music\list\IMusic.java C:\Users\Yorman Colina\OneDrive\Desktop\Talleres Sofka\buenas practicas de programación\Lista-musica-Java\music list\src\music\list\Music.java C:\Users\Yorman Colina\OneDrive\Desktop\Talleres Sofka\buenas practicas de programación\Lista-musica-Java\music list\src\music\list\MusicList.java
java_class_path (initial): <not set>
Launcher Type: SUN_STANDARD

[Global flags]
     intx CICompilerCount                          = 3                                         {product} {ergonomic}
     uint ConcGCThreads                            = 1                                         {product} {ergonomic}
     uint G1ConcRefinementThreads                  = 4                                         {product} {ergonomic}
   size_t G1HeapRegionSize                         = 1048576                                   {product} {ergonomic}
    uintx GCDrainStackTargetSize                   = 64                                        {product} {ergonomic}
   size_t InitialHeapSize                          = 8388608                                   {product} {command line}
   size_t MarkStackSize                            = 4194304                                   {product} {ergonomic}
   size_t MaxHeapSize                              = 1050673152                                {product} {ergonomic}
   size_t MaxNewSize                               = 630194176                                 {product} {ergonomic}
   size_t MinHeapDeltaBytes                        = 1048576                                   {product} {ergonomic}
   size_t MinHeapSize                              = 8388608                                   {product} {command line}
    uintx NonNMethodCodeHeapSize                   = 5832780                                {pd product} {ergonomic}
    uintx NonProfiledCodeHeapSize                  = 122912730                              {pd product} {ergonomic}
    uintx ProfiledCodeHeapSize                     = 122912730                              {pd product} {ergonomic}
    uintx ReservedCodeCacheSize                    = 251658240                              {pd product} {ergonomic}
     bool SegmentedCodeCache                       = true                                      {product} {ergonomic}
   size_t SoftMaxHeapSize                          = 1050673152                             {manageable} {ergonomic}
     bool UseCompressedClassPointers               = true                                 {lp64_product} {ergonomic}
     bool UseCompressedOops                        = true                                 {lp64_product} {ergonomic}
     bool UseG1GC                                  = true                                      {product} {ergonomic}
     bool UseLargePagesIndividualAllocation        = false                                  {pd product} {ergonomic}

Logging:
Log output configuration:
 #0: stdout all=warning uptime,level,tags
 #1: stderr all=off uptime,level,tags

Environment Variables:
JAVA_HOME=C:\Program Files\OpenJDK\openjdk-8u302-b08
PATH=C:\Program Files\Common Files\Oracle\Java\javapath;C:\WINDOWS\system32;C:\WINDOWS;C:\WINDOWS\System32\Wbem;C:\WINDOWS\System32\WindowsPowerShell\v1.0\;C:\WINDOWS\System32\OpenSSH\;C:\Program Files\Git\cmd;C:\ProgramData\chocolatey\bin;C:\Program Files\OpenJDK\openjdk-8u302-b08\bin;C:\Program Files\nodejs\;C:\Users\Yorman Colina\AppData\Local\Microsoft\WindowsApps;;C:\Users\Yorman Colina\AppData\Local\Programs\Microsoft VS Code\bin;C:\Program Files\heroku\bin;C:\Users\Yorman Colina\AppData\Roaming\npm
USERNAME=Yorman Colina
OS=Windows_NT
PROCESSOR_IDENTIFIER=Intel64 Family 6 Model 69 Stepping 1, GenuineIntel



---------------  S Y S T E M  ---------------

OS:
 Windows 10 , 64 bit Build 19041 (10.0.19041.1503)
OS uptime: 0 days 9:05 hours

CPU: total 4 (initial active 4) (2 cores per cpu, 2 threads per core) family 6 model 69 stepping 1 microcode 0x25, cmov, cx8, fxsr, mmx, sse, sse2, sse3, ssse3, sse4.1, sse4.2, popcnt, vzeroupper, avx, avx2, aes, clmul, erms, lzcnt, ht, tsc, tscinvbit, bmi1, bmi2, fma, clflush

Memory: 4k page, system-wide physical 4001M (596M free)
TotalPageFile size 6801M (AvailPageFile size 3M)
current process WorkingSet (physical memory assigned to process): 44M, peak: 44M
current process commit charge ("private bytes"): 85M, peak: 86M

vm_info: Java HotSpot(TM) 64-Bit Server VM (15.0.2+7-27) for windows-amd64 JRE (15.0.2+7-27), built on Dec  7 2020 20:07:01 by "mach5one" with unknown MS VC++:1925

END.
