#
# There is insufficient memory for the Java Runtime Environment to continue.
# Native memory allocation (mmap) failed to map 67108864 bytes for G1 virtual space
# Possible reasons:
#   The system is out of physical RAM or swap space
#   The process is running with CompressedOops enabled, and the Java Heap may be blocking the growth of the native heap
# Possible solutions:
#   Reduce memory load on the system
#   Increase physical memory or swap space
#   Check if swap backing store is full
#   Decrease Java heap size (-Xmx/-Xms)
#   Decrease number of Java threads
#   Decrease Java thread stack sizes (-Xss)
#   Set larger code cache with -XX:ReservedCodeCacheSize=
#   JVM is running with Unscaled Compressed Oops mode in which the Java heap is
#     placed in the first 4GB address space. The Java Heap base address is the
#     maximum limit for the native heap growth. Please use -XX:HeapBaseMinAddress
#     to set the Java Heap base and to place the Java Heap above 4GB virtual address.
# This output file may be truncated or incomplete.
#
#  Out of Memory Error (./open/src/hotspot/os/windows/os_windows.cpp:3321), pid=10140, tid=8572
#
# JRE version:  (15.0.2+7) (build )
# Java VM: Java HotSpot(TM) 64-Bit Server VM (15.0.2+7-27, mixed mode, sharing, tiered, compressed oops, g1 gc, windows-amd64)
# No core dump will be written. Minidumps are not enabled by default on client versions of Windows
#

---------------  S U M M A R Y ------------

Command Line: -Dfile.encoding=UTF-8 --module-path=C:\Users\Yorman Colina\OneDrive\Desktop\Talleres Sofka\buenas practicas de programación\Lista-musica-Java\music list\build\classes music.list.MusicList

Host: Intel(R) Core(TM) i7-4600U CPU @ 2.10GHz, 4 cores, 3G,  Windows 10 , 64 bit Build 19041 (10.0.19041.1503)
Time: Thu Feb 10 22:51:54 2022 Hora est. Pacífico, Sudamérica elapsed time: 0.019071 seconds (0d 0h 0m 0s)

---------------  T H R E A D  ---------------

Current thread (0x000002b69fed4630):  JavaThread "Unknown thread" [_thread_in_vm, id=8572, stack(0x000000faff500000,0x000000faff600000)]

Stack: [0x000000faff500000,0x000000faff600000]
Native frames: (J=compiled Java code, j=interpreted, Vv=VM code, C=native code)
V  [jvm.dll+0x62ae9a]
V  [jvm.dll+0x7817a9]
V  [jvm.dll+0x782f03]
V  [jvm.dll+0x783563]
V  [jvm.dll+0x216325]
V  [jvm.dll+0x6281d9]
V  [jvm.dll+0x61cf55]
V  [jvm.dll+0x2cffdd]
V  [jvm.dll+0x2cfe42]
V  [jvm.dll+0x2d5e1c]
V  [jvm.dll+0x32590a]
V  [jvm.dll+0x324fd4]
V  [jvm.dll+0x2a6f5a]
V  [jvm.dll+0x2a80f8]
V  [jvm.dll+0x75e241]
V  [jvm.dll+0x3341c4]
V  [jvm.dll+0x73e926]
V  [jvm.dll+0x3b7557]
V  [jvm.dll+0x3b8fe1]
C  [jli.dll+0x52fb]
C  [ucrtbase.dll+0x21bb2]
C  [KERNEL32.DLL+0x17034]
C  [ntdll.dll+0x52651]


---------------  P R O C E S S  ---------------

Threads class SMR info:
_java_thread_list=0x00007ffbad624ff0, length=0, elements={
}

Java Threads: ( => current thread )

Other Threads:
  0x000002b69ff04a70 GCTaskThread "GC Thread#0" [stack: 0x000000faff600000,0x000000faff700000] [id=9220]
  0x000002b69ff0ea60 ConcurrentGCThread "G1 Main Marker" [stack: 0x000000faff700000,0x000000faff800000] [id=10680]
  0x000002b69ff0f650 ConcurrentGCThread "G1 Conc#0" [stack: 0x000000faff800000,0x000000faff900000] [id=6688]

[error occurred during error reporting (printing all threads), id 0xc0000005, EXCEPTION_ACCESS_VIOLATION (0xc0000005) at pc=0x00007ffbace17e27]

VM state: not at safepoint (not fully initialized)

VM Mutex/Monitor currently owned by a thread:  ([mutex/lock_event])
[0x000002b69fed0c40] Heap_lock - owner thread: 0x000002b69fed4630

Heap address: 0x00000000c1600000, size: 1002 MB, Compressed Oops mode: 32-bit
CDS archive(s) mapped at: [0x0000000000000000-0x0000000000000000-0x0000000000000000), size 0, SharedBaseAddress: 0x0000000800000000, ArchiveRelocationMode: 0.
Narrow klass base: 0x0000000000000000, Narrow klass shift: 0, Narrow klass range: 0x0

Heap:
 garbage-first heap   total 65536K, used 0K [0x00000000c1600000, 0x0000000100000000)
  region size 1024K, 0 young (0K), 0 survivors (0K)
 Metaspace       used 0K, capacity 0K, committed 0K, reserved 0K
  class space    used 0K, capacity 0K, committed 0K, reserved 0K

Heap Regions: E=young(eden), S=young(survivor), O=old, HS=humongous(starts), HC=humongous(continues), CS=collection set, F=free, OA=open archive, CA=closed archive, TAMS=top-at-mark-start (previous, next)

Card table byte_map: [0x000002b6b7310000,0x000002b6b7510000] _byte_map_base: 0x000002b6b6d05000

Marking Bits (Prev, Next): (CMBitMap*) 0x000002b69ff052e0, (CMBitMap*) 0x000002b69ff05320
 Prev Bits: [0x000002b6b7710000, 0x000002b6b86b8000)
 Next Bits: [0x000002b6b86c0000, 0x000002b6b9668000)

GC Heap History (0 events):
No events

Deoptimization events (0 events):
No events

Classes unloaded (0 events):
No events

Classes redefined (0 events):
No events

Internal exceptions (0 events):
No events

Events (1 events):
Event: 0.010 Loaded shared library C:\Program Files\Java\jdk-15.0.2\bin\java.dll


Dynamic libraries:
0x00007ff7e1cf0000 - 0x00007ff7e1cff000 	C:\Program Files\Java\jdk-15.0.2\bin\java.exe
0x00007ffc06850000 - 0x00007ffc06a45000 	C:\WINDOWS\SYSTEM32\ntdll.dll
0x00007ffbe6160000 - 0x00007ffbe6176000 	C:\Program Files\Avast Software\Avast\aswhook.dll
0x00007ffc06130000 - 0x00007ffc061ee000 	C:\WINDOWS\System32\KERNEL32.DLL
0x00007ffc043d0000 - 0x00007ffc04698000 	C:\WINDOWS\System32\KERNELBASE.dll
0x00007ffc040c0000 - 0x00007ffc041c0000 	C:\WINDOWS\System32\ucrtbase.dll
0x00007ffbed050000 - 0x00007ffbed068000 	C:\Program Files\Java\jdk-15.0.2\bin\jli.dll
0x00007ffbfde90000 - 0x00007ffbfdea9000 	C:\Program Files\Java\jdk-15.0.2\bin\VCRUNTIME140.dll
0x00007ffc05fa0000 - 0x00007ffc0604e000 	C:\WINDOWS\System32\ADVAPI32.dll
0x00007ffc05310000 - 0x00007ffc053ae000 	C:\WINDOWS\System32\msvcrt.dll
0x00007ffc04900000 - 0x00007ffc0499c000 	C:\WINDOWS\System32\sechost.dll
0x00007ffc06260000 - 0x00007ffc06385000 	C:\WINDOWS\System32\RPCRT4.dll
0x00007ffc05480000 - 0x00007ffc05620000 	C:\WINDOWS\System32\USER32.dll
0x00007ffc04090000 - 0x00007ffc040b2000 	C:\WINDOWS\System32\win32u.dll
0x00007ffbfa730000 - 0x00007ffbfa9ca000 	C:\WINDOWS\WinSxS\amd64_microsoft.windows.common-controls_6595b64144ccf1df_6.0.19041.1110_none_60b5254171f9507e\COMCTL32.dll
0x00007ffc06100000 - 0x00007ffc0612b000 	C:\WINDOWS\System32\GDI32.dll
0x00007ffc042c0000 - 0x00007ffc043cd000 	C:\WINDOWS\System32\gdi32full.dll
0x00007ffc03f60000 - 0x00007ffc03ffd000 	C:\WINDOWS\System32\msvcp_win.dll
0x00007ffbfde50000 - 0x00007ffbfde5a000 	C:\WINDOWS\SYSTEM32\VERSION.dll
0x00007ffc057c0000 - 0x00007ffc057f0000 	C:\WINDOWS\System32\IMM32.DLL
0x00007ffbff8c0000 - 0x00007ffbff8cc000 	C:\Program Files\Java\jdk-15.0.2\bin\vcruntime140_1.dll
0x00007ffbe5280000 - 0x00007ffbe5311000 	C:\Program Files\Java\jdk-15.0.2\bin\msvcp140.dll
0x00007ffbacb60000 - 0x00007ffbad6be000 	C:\Program Files\Java\jdk-15.0.2\bin\server\jvm.dll
0x00007ffc05410000 - 0x00007ffc05418000 	C:\WINDOWS\System32\PSAPI.DLL
0x00007ffbf97e0000 - 0x00007ffbf97e9000 	C:\WINDOWS\SYSTEM32\WSOCK32.dll
0x00007ffbfabb0000 - 0x00007ffbfabd7000 	C:\WINDOWS\SYSTEM32\WINMM.dll
0x00007ffc061f0000 - 0x00007ffc0625b000 	C:\WINDOWS\System32\WS2_32.dll
0x00007ffc01e50000 - 0x00007ffc01e62000 	C:\WINDOWS\SYSTEM32\kernel.appcore.dll
0x00007ffbfeef0000 - 0x00007ffbfeefa000 	C:\Program Files\Java\jdk-15.0.2\bin\jimage.dll
0x00007ffbfd920000 - 0x00007ffbfdb04000 	C:\WINDOWS\SYSTEM32\DBGHELP.DLL
0x00007ffbfd580000 - 0x00007ffbfd5ac000 	C:\WINDOWS\SYSTEM32\dbgcore.DLL
0x00007ffc04000000 - 0x00007ffc04082000 	C:\WINDOWS\System32\bcryptPrimitives.dll
0x00007ffbfcb20000 - 0x00007ffbfcb45000 	C:\Program Files\Java\jdk-15.0.2\bin\java.dll

dbghelp: loaded successfully - version: 4.0.5 - missing functions: none
symbol engine: initialized successfully - sym options: 0x614 - pdb path: .;C:\Program Files\Java\jdk-15.0.2\bin;C:\WINDOWS\SYSTEM32;C:\Program Files\Avast Software\Avast;C:\WINDOWS\WinSxS\amd64_microsoft.windows.common-controls_6595b64144ccf1df_6.0.19041.1110_none_60b5254171f9507e;C:\Program Files\Java\jdk-15.0.2\bin\server

VM Arguments:
jvm_args: -Dfile.encoding=UTF-8 --module-path=C:\Users\Yorman Colina\OneDrive\Desktop\Talleres Sofka\buenas practicas de programación\Lista-musica-Java\music list\build\classes 
java_command: music.list.MusicList
java_class_path (initial): C:\Users\Yorman Colina\OneDrive\Desktop\Talleres Sofka\buenas practicas de programación\Lista-musica-Java\music list\build\classes
Launcher Type: SUN_STANDARD

[Global flags]
     intx CICompilerCount                          = 3                                         {product} {ergonomic}
     uint ConcGCThreads                            = 1                                         {product} {ergonomic}
     uint G1ConcRefinementThreads                  = 4                                         {product} {ergonomic}
   size_t G1HeapRegionSize                         = 1048576                                   {product} {ergonomic}
    uintx GCDrainStackTargetSize                   = 64                                        {product} {ergonomic}
   size_t InitialHeapSize                          = 67108864                                  {product} {ergonomic}
   size_t MarkStackSize                            = 4194304                                   {product} {ergonomic}
   size_t MaxHeapSize                              = 1050673152                                {product} {ergonomic}
   size_t MinHeapDeltaBytes                        = 1048576                                   {product} {ergonomic}
   size_t MinHeapSize                              = 8388608                                   {product} {ergonomic}
    uintx NonNMethodCodeHeapSize                   = 5832780                                {pd product} {ergonomic}
    uintx NonProfiledCodeHeapSize                  = 122912730                              {pd product} {ergonomic}
    uintx ProfiledCodeHeapSize                     = 122912730                              {pd product} {ergonomic}
    uintx ReservedCodeCacheSize                    = 251658240                              {pd product} {ergonomic}
     bool SegmentedCodeCache                       = true                                      {product} {ergonomic}
   size_t SoftMaxHeapSize                          = 1050673152                             {manageable} {ergonomic}
     bool UseCompressedClassPointers               = true                                 {lp64_product} {ergonomic}
     bool UseCompressedOops                        = true                                 {lp64_product} {ergonomic}
     bool UseG1GC                                  = true                                      {product} {ergonomic}
     bool UseLargePagesIndividualAllocation        = false                                  {pd product} {ergonomic}

Logging:
Log output configuration:
 #0: stdout all=warning uptime,level,tags
 #1: stderr all=off uptime,level,tags

Environment Variables:
JAVA_HOME=C:\Program Files\OpenJDK\openjdk-8u302-b08
PATH=C:\Program Files\Common Files\Oracle\Java\javapath;C:\WINDOWS\system32;C:\WINDOWS;C:\WINDOWS\System32\Wbem;C:\WINDOWS\System32\WindowsPowerShell\v1.0\;C:\WINDOWS\System32\OpenSSH\;C:\Program Files\Git\cmd;C:\ProgramData\chocolatey\bin;C:\Program Files\OpenJDK\openjdk-8u302-b08\bin;C:\Program Files\nodejs\;C:\Users\Yorman Colina\AppData\Local\Microsoft\WindowsApps;;C:\Users\Yorman Colina\AppData\Local\Programs\Microsoft VS Code\bin;C:\Program Files\heroku\bin;C:\Users\Yorman Colina\AppData\Roaming\npm
USERNAME=Yorman Colina
OS=Windows_NT
PROCESSOR_IDENTIFIER=Intel64 Family 6 Model 69 Stepping 1, GenuineIntel



---------------  S Y S T E M  ---------------

OS:
 Windows 10 , 64 bit Build 19041 (10.0.19041.1503)
OS uptime: 0 days 9:05 hours

CPU: total 4 (initial active 4) (2 cores per cpu, 2 threads per core) family 6 model 69 stepping 1 microcode 0x25, cmov, cx8, fxsr, mmx, sse, sse2, sse3, ssse3, sse4.1, sse4.2, popcnt, vzeroupper, avx, avx2, aes, clmul, erms, lzcnt, ht, tsc, tscinvbit, bmi1, bmi2, fma, clflush

Memory: 4k page, system-wide physical 4001M (616M free)
TotalPageFile size 6801M (AvailPageFile size 42M)
current process WorkingSet (physical memory assigned to process): 10M, peak: 10M
current process commit charge ("private bytes"): 51M, peak: 115M

vm_info: Java HotSpot(TM) 64-Bit Server VM (15.0.2+7-27) for windows-amd64 JRE (15.0.2+7-27), built on Dec  7 2020 20:07:01 by "mach5one" with unknown MS VC++:1925

END.
