#
# There is insufficient memory for the Java Runtime Environment to continue.
# Native memory allocation (malloc) failed to allocate 1048576 bytes for AllocateHeap
# Possible reasons:
#   The system is out of physical RAM or swap space
#   The process is running with CompressedOops enabled, and the Java Heap may be blocking the growth of the native heap
# Possible solutions:
#   Reduce memory load on the system
#   Increase physical memory or swap space
#   Check if swap backing store is full
#   Decrease Java heap size (-Xmx/-Xms)
#   Decrease number of Java threads
#   Decrease Java thread stack sizes (-Xss)
#   Set larger code cache with -XX:ReservedCodeCacheSize=
#   JVM is running with Unscaled Compressed Oops mode in which the Java heap is
#     placed in the first 4GB address space. The Java Heap base address is the
#     maximum limit for the native heap growth. Please use -XX:HeapBaseMinAddress
#     to set the Java Heap base and to place the Java Heap above 4GB virtual address.
# This output file may be truncated or incomplete.
#
#  Out of Memory Error (./open/src/hotspot/share/memory/allocation.cpp:44), pid=4928, tid=8676
#
# JRE version: Java(TM) SE Runtime Environment (15.0.2+7) (build 15.0.2+7-27)
# Java VM: Java HotSpot(TM) 64-Bit Server VM (15.0.2+7-27, mixed mode, sharing, tiered, compressed oops, g1 gc, windows-amd64)
# No core dump will be written. Minidumps are not enabled by default on client versions of Windows
#

---------------  S U M M A R Y ------------

Command Line: -Dapplication.home=C:\Program Files\Java\jdk-15.0.2 --add-modules=ALL-DEFAULT -Xms8m -Djdk.module.main=jdk.compiler jdk.compiler/com.sun.tools.javac.Main -d C:\Users\Yorman Colina\OneDrive\Desktop\Talleres Sofka\buenas practicas de programación\Lista-musica-Java\music list\build\classes -classpath C:\Users\Yorman Colina\OneDrive\Desktop\Talleres Sofka\buenas practicas de programación\Lista-musica-Java\music list\build\classes -sourcepath C:\Users\Yorman Colina\OneDrive\Desktop\Talleres Sofka\buenas practicas de programación\Lista-musica-Java\music list\build\empty -target 15 -encoding UTF-8 -g -processorpath C:\Users\Yorman Colina\OneDrive\Desktop\Talleres Sofka\buenas practicas de programación\Lista-musica-Java\music list\build\empty -s C:\Users\Yorman Colina\OneDrive\Desktop\Talleres Sofka\buenas practicas de programación\Lista-musica-Java\music list\build\generated-sources\ap-source-output -source 15 C:\Users\Yorman Colina\OneDrive\Desktop\Talleres Sofka\buenas practicas de programación\Lista-musica-Java\music list\src\music\list\Album.java C:\Users\Yorman Colina\OneDrive\Desktop\Talleres Sofka\buenas practicas de programación\Lista-musica-Java\music list\src\music\list\FilterMusic.java C:\Users\Yorman Colina\OneDrive\Desktop\Talleres Sofka\buenas practicas de programación\Lista-musica-Java\music list\src\music\list\IMusic.java C:\Users\Yorman Colina\OneDrive\Desktop\Talleres Sofka\buenas practicas de programación\Lista-musica-Java\music list\src\music\list\Music.java C:\Users\Yorman Colina\OneDrive\Desktop\Talleres Sofka\buenas practicas de programación\Lista-musica-Java\music list\src\music\list\MusicList.java

Host: Intel(R) Core(TM) i7-4600U CPU @ 2.10GHz, 4 cores, 3G,  Windows 10 , 64 bit Build 19041 (10.0.19041.1503)
Time: Thu Feb 10 22:51:46 2022 Hora est. Pacífico, Sudamérica elapsed time: 0.521121 seconds (0d 0h 0m 0s)

---------------  T H R E A D  ---------------

Current thread (0x000001fea35d75e0):  VMThread "VM Thread" [stack: 0x000000414aa00000,0x000000414ab00000] [id=8676]

Stack: [0x000000414aa00000,0x000000414ab00000]
[error occurred during error reporting (printing stack bounds), id 0xc0000005, EXCEPTION_ACCESS_VIOLATION (0xc0000005) at pc=0x000001feacf310ad]

Native frames: (J=compiled Java code, j=interpreted, Vv=VM code, C=native code)
V  [jvm.dll+0x62ae9a]
V  [jvm.dll+0x7817a9]
V  [jvm.dll+0x782f03]
V  [jvm.dll+0x7834c5]
V  [jvm.dll+0x78347b]
V  [jvm.dll+0x62a2b9]
V  [jvm.dll+0x62aa88]
C  [ntdll.dll+0xa20cf]
C  [ntdll.dll+0x51454]
C  [ntdll.dll+0xa0bfe]
C  0x000001feacf310ad

VM_Operation (0x000000414a4fd620): CollectForMetadataAllocation, mode: safepoint, requested by thread 0x000001fea3520460


---------------  P R O C E S S  ---------------

Threads class SMR info:
_java_thread_list=0x000001fec1ac2520, length=11, elements={
0x000001fea3520460, 0x000001fea35dc240, 0x000001fea35dce10, 0x000001fec1827920,
0x000001fec18282e0, 0x000001fec1828d90, 0x000001fec182a030, 0x000001fec182ff10,
0x000001fec183de20, 0x000001fec1a6b150, 0x000001fec1ac4e60
}

Java Threads: ( => current thread )
  0x000001fea3520460 JavaThread "main" [_thread_blocked, id=6800, stack(0x000000414a400000,0x000000414a500000)]
  0x000001fea35dc240 JavaThread "Reference Handler" daemon [_thread_blocked, id=2712, stack(0x000000414ab00000,0x000000414ac00000)]
  0x000001fea35dce10 JavaThread "Finalizer" daemon [_thread_blocked, id=600, stack(0x000000414ac00000,0x000000414ad00000)]
  0x000001fec1827920 JavaThread "Signal Dispatcher" daemon [_thread_blocked, id=7480, stack(0x000000414ad00000,0x000000414ae00000)]
  0x000001fec18282e0 JavaThread "Attach Listener" daemon [_thread_blocked, id=3280, stack(0x000000414ae00000,0x000000414af00000)]
  0x000001fec1828d90 JavaThread "Service Thread" daemon [_thread_blocked, id=9464, stack(0x000000414af00000,0x000000414b000000)]
  0x000001fec182a030 JavaThread "C2 CompilerThread0" daemon [_thread_blocked, id=9436, stack(0x000000414b000000,0x000000414b100000)]
  0x000001fec182ff10 JavaThread "C1 CompilerThread0" daemon [_thread_blocked, id=8260, stack(0x000000414b100000,0x000000414b200000)]
  0x000001fec183de20 JavaThread "Sweeper thread" daemon [_thread_blocked, id=10248, stack(0x000000414b200000,0x000000414b300000)]
  0x000001fec1a6b150 JavaThread "Common-Cleaner" daemon [_thread_blocked, id=9932, stack(0x000000414b300000,0x000000414b400000)]
  0x000001fec1ac4e60 JavaThread "Notification Thread" daemon [_thread_blocked, id=10368, stack(0x000000414b400000,0x000000414b500000)]

Other Threads:
=>0x000001fea35d75e0 VMThread "VM Thread" [stack: 0x000000414aa00000,0x000000414ab00000] [id=8676]
  0x000001fec1adf310 WatcherThread [stack: 0x000000414b500000,0x000000414b600000] [id=10888]
  0x000001fea3547790 GCTaskThread "GC Thread#0" [stack: 0x000000414a500000,0x000000414a600000] [id=8752]
  0x000001fec1b1ac30 GCTaskThread "GC Thread#1" [stack: 0x000000414b600000,0x000000414b700000] [id=10360]
  0x000001fea35504e0 ConcurrentGCThread "G1 Main Marker" [stack: 0x000000414a600000,0x000000414a700000] [id=11568]
  0x000001fea3551630 ConcurrentGCThread "G1 Conc#0" [stack: 0x000000414a700000,0x000000414a800000] [id=6980]
  0x000001fea356dca0 ConcurrentGCThread "G1 Refine#0" [stack: 0x000000414a800000,0x000000414a900000] [id=1688]
  0x000001fea35705f0 ConcurrentGCThread "G1 Young RemSet Sampling" [stack: 0x000000414a900000,0x000000414aa00000] [id=7020]

Threads with active compile tasks:

VM state: at safepoint (normal execution)

VM Mutex/Monitor currently owned by a thread:  ([mutex/lock_event])
[0x000001fea3519f00] Threads_lock - owner thread: 0x000001fea35d75e0
[0x000001fea351a140] Heap_lock - owner thread: 0x000001fea3520460

Heap address: 0x00000000c1600000, size: 1002 MB, Compressed Oops mode: 32-bit
CDS archive(s) mapped at: [0x0000000800000000-0x0000000800b50000-0x0000000800b50000), size 11862016, SharedBaseAddress: 0x0000000800000000, ArchiveRelocationMode: 0.
Compressed class space mapped at: 0x0000000800b50000-0x0000000840b50000, size: 1073741824
Narrow klass base: 0x0000000800000000, Narrow klass shift: 3, Narrow klass range: 0x100000000

GC Precious Log:
 CPUs: 4 total, 4 available
 Memory: 4001M
 Large Page Support: Disabled
 NUMA Support: Disabled
 Compressed Oops: Enabled (32-bit)
 Heap Region Size: 1M
 Heap Min Capacity: 8M
 Heap Initial Capacity: 8M
 Heap Max Capacity: 1002M
 Pre-touch: Disabled
 Parallel Workers: 4
 Concurrent Workers: 1
 Concurrent Refinement Workers: 4
 Periodic GC: Disabled

Heap:
 garbage-first heap   total 8192K, used 2223K [0x00000000c1600000, 0x0000000100000000)
  region size 1024K, 1 young (1024K), 1 survivors (1024K)
 Metaspace       used 6815K, capacity 10086K, committed 10112K, reserved 1067008K
  class space    used 822K, capacity 1126K, committed 1152K, reserved 1048576K

Heap Regions: E=young(eden), S=young(survivor), O=old, HS=humongous(starts), HC=humongous(continues), CS=collection set, F=free, OA=open archive, CA=closed archive, TAMS=top-at-mark-start (previous, next)
|   0|0x00000000c1600000, 0x00000000c1700000, 0x00000000c1700000|100%| O|  |TAMS 0x00000000c1600000, 0x00000000c1700000| Untracked 
|   1|0x00000000c1700000, 0x00000000c1794e00, 0x00000000c1800000| 58%| O|  |TAMS 0x00000000c1700000, 0x00000000c171dc00| Untracked 
|   2|0x00000000c1800000, 0x00000000c1800000, 0x00000000c1900000|  0%| F|  |TAMS 0x00000000c1800000, 0x00000000c1800000| Untracked 
|   3|0x00000000c1900000, 0x00000000c1900000, 0x00000000c1a00000|  0%| F|  |TAMS 0x00000000c1900000, 0x00000000c1900000| Untracked 
|   4|0x00000000c1a00000, 0x00000000c1a00000, 0x00000000c1b00000|  0%| F|  |TAMS 0x00000000c1a00000, 0x00000000c1a00000| Untracked 
|   5|0x00000000c1b00000, 0x00000000c1b00000, 0x00000000c1c00000|  0%| F|  |TAMS 0x00000000c1b00000, 0x00000000c1b00000| Untracked 
|   6|0x00000000c1c00000, 0x00000000c1c96e70, 0x00000000c1d00000| 58%| S|CS|TAMS 0x00000000c1c00000, 0x00000000c1c00000| Complete 
|   7|0x00000000c1d00000, 0x00000000c1d00000, 0x00000000c1e00000|  0%| F|  |TAMS 0x00000000c1d00000, 0x00000000c1d00000| Untracked 

Card table byte_map: [0x000001febc750000,0x000001febc950000] _byte_map_base: 0x000001febc145000

Marking Bits (Prev, Next): (CMBitMap*) 0x000001fea3547d40, (CMBitMap*) 0x000001fea3547d80
 Prev Bits: [0x000001febcb50000, 0x000001febdaf8000)
 Next Bits: [0x000001febdb00000, 0x000001febeaa8000)

Polling page: 0x000001fea33b0000

Metaspace:

Usage:
  Non-class:      8.75 MB capacity,     5.85 MB ( 67%) used,     2.89 MB ( 33%) free+waste,     7.81 KB ( <1%) overhead. 
      Class:      1.10 MB capacity,   822.20 KB ( 73%) used,   300.48 KB ( 27%) free+waste,     3.31 KB ( <1%) overhead. 
       Both:      9.85 MB capacity,     6.66 MB ( 68%) used,     3.18 MB ( 32%) free+waste,    11.12 KB ( <1%) overhead. 

Virtual space:
  Non-class space:       18.00 MB reserved,       8.75 MB ( 49%) committed 
      Class space:        1.00 GB reserved,       1.12 MB ( <1%) committed 
             Both:        1.02 GB reserved,       9.88 MB ( <1%) committed 

Chunk freelists:
   Non-Class:  0 bytes
       Class:  26.00 KB
        Both:  26.00 KB

MaxMetaspaceSize: 17179869184.00 GB
CompressedClassSpaceSize: 1.00 GB

CodeHeap 'non-profiled nmethods': size=120000Kb used=188Kb max_used=188Kb free=119811Kb
 bounds [0x000001feb4a00000, 0x000001feb4c70000, 0x000001febbf30000]
CodeHeap 'profiled nmethods': size=120000Kb used=891Kb max_used=891Kb free=119108Kb
 bounds [0x000001fead4d0000, 0x000001fead740000, 0x000001feb4a00000]
CodeHeap 'non-nmethods': size=5760Kb used=1131Kb max_used=1144Kb free=4628Kb
 bounds [0x000001feacf30000, 0x000001fead1a0000, 0x000001fead4d0000]
 total_blobs=983 nmethods=604 adapters=292
 compilation: enabled
              stopped_count=0, restarted_count=0
 full_count=0

Compilation events (20 events):
Event: 0.502 Thread 0x000001fec182ff10  595       3       jdk.internal.org.objectweb.asm.SymbolTable::addConstantMethodref (24 bytes)
Event: 0.502 Thread 0x000001fec182ff10 nmethod 595 0x000001fead5aab90 code [0x000001fead5aad40, 0x000001fead5aaee8]
Event: 0.512 Thread 0x000001fec182ff10  596       3       java.lang.StringLatin1::replace (198 bytes)
Event: 0.513 Thread 0x000001fec182ff10 nmethod 596 0x000001fead5aaf90 code [0x000001fead5ab200, 0x000001fead5abf48]
Event: 0.513 Thread 0x000001fec182ff10  597       3       java.lang.StringConcatHelper::newArray (26 bytes)
Event: 0.513 Thread 0x000001fec182ff10 nmethod 597 0x000001fead5ac410 code [0x000001fead5ac5c0, 0x000001fead5ac808]
Event: 0.513 Thread 0x000001fec182ff10  598       3       java.util.EnumMap::unmaskNull (13 bytes)
Event: 0.514 Thread 0x000001fec182ff10 nmethod 598 0x000001fead5ac910 code [0x000001fead5acaa0, 0x000001fead5acbf8]
Event: 0.514 Thread 0x000001fec182ff10  599       3       java.util.EnumMap::put (51 bytes)
Event: 0.514 Thread 0x000001fec182ff10 nmethod 599 0x000001fead5acc90 code [0x000001fead5ace60, 0x000001fead5ad368]
Event: 0.514 Thread 0x000001fec182ff10  601       3       java.util.EnumMap::maskNull (12 bytes)
Event: 0.514 Thread 0x000001fec182ff10 nmethod 601 0x000001fead5ad510 code [0x000001fead5ad6a0, 0x000001fead5ad7f8]
Event: 0.514 Thread 0x000001fec182ff10  600       3       java.util.EnumMap::typeCheck (59 bytes)
Event: 0.515 Thread 0x000001fec182ff10 nmethod 600 0x000001fead5ad890 code [0x000001fead5adb40, 0x000001fead5ae638]
Event: 0.515 Thread 0x000001fec182ff10  602       3       java.util.EnumMap::put (10 bytes)
Event: 0.515 Thread 0x000001fec182ff10 nmethod 602 0x000001fead5aea10 code [0x000001fead5aebc0, 0x000001fead5aee88]
Event: 0.515 Thread 0x000001fec182ff10  603       1       java.lang.Enum::name (5 bytes)
Event: 0.515 Thread 0x000001fec182ff10 nmethod 603 0x000001feb4a2eb90 code [0x000001feb4a2ed20, 0x000001feb4a2edd8]
Event: 0.515 Thread 0x000001fec182ff10  604       1       java.lang.reflect.Method::getName (5 bytes)
Event: 0.515 Thread 0x000001fec182ff10 nmethod 604 0x000001feb4a2ee90 code [0x000001feb4a2f020, 0x000001feb4a2f0d8]

GC Heap History (8 events):
Event: 0.301 GC heap before
{Heap before GC invocations=0 (full 0):
 garbage-first heap   total 8192K, used 3072K [0x00000000c1600000, 0x0000000100000000)
  region size 1024K, 3 young (3072K), 0 survivors (0K)
 Metaspace       used 2551K, capacity 6135K, committed 6400K, reserved 1056768K
  class space    used 319K, capacity 641K, committed 768K, reserved 1048576K
}
Event: 0.305 GC heap after
{Heap after GC invocations=1 (full 0):
 garbage-first heap   total 8192K, used 1137K [0x00000000c1600000, 0x0000000100000000)
  region size 1024K, 1 young (1024K), 1 survivors (1024K)
 Metaspace       used 2551K, capacity 6135K, committed 6400K, reserved 1056768K
  class space    used 319K, capacity 641K, committed 768K, reserved 1048576K
}
Event: 0.379 GC heap before
{Heap before GC invocations=1 (full 0):
 garbage-first heap   total 8192K, used 2161K [0x00000000c1600000, 0x0000000100000000)
  region size 1024K, 2 young (2048K), 1 survivors (1024K)
 Metaspace       used 4266K, capacity 7898K, committed 8064K, reserved 1056768K
  class space    used 524K, capacity 866K, committed 896K, reserved 1048576K
}
Event: 0.384 GC heap after
{Heap after GC invocations=2 (full 0):
 garbage-first heap   total 8192K, used 1672K [0x00000000c1600000, 0x0000000100000000)
  region size 1024K, 1 young (1024K), 1 survivors (1024K)
 Metaspace       used 4266K, capacity 7898K, committed 8064K, reserved 1056768K
  class space    used 524K, capacity 866K, committed 896K, reserved 1048576K
}
Event: 0.457 GC heap before
{Heap before GC invocations=2 (full 0):
 garbage-first heap   total 8192K, used 2696K [0x00000000c1600000, 0x0000000100000000)
  region size 1024K, 2 young (2048K), 1 survivors (1024K)
 Metaspace       used 5802K, capacity 9347K, committed 9600K, reserved 1058816K
  class space    used 694K, capacity 1029K, committed 1152K, reserved 1048576K
}
Event: 0.459 GC heap after
{Heap after GC invocations=3 (full 0):
 garbage-first heap   total 8192K, used 2004K [0x00000000c1600000, 0x0000000100000000)
  region size 1024K, 1 young (1024K), 1 survivors (1024K)
 Metaspace       used 5802K, capacity 9347K, committed 9600K, reserved 1058816K
  class space    used 694K, capacity 1029K, committed 1152K, reserved 1048576K
}
Event: 0.517 GC heap before
{Heap before GC invocations=3 (full 0):
 garbage-first heap   total 8192K, used 2004K [0x00000000c1600000, 0x0000000100000000)
  region size 1024K, 2 young (2048K), 1 survivors (1024K)
 Metaspace       used 6815K, capacity 10086K, committed 10112K, reserved 1064960K
  class space    used 822K, capacity 1126K, committed 1152K, reserved 1048576K
}
Event: 0.518 GC heap after
{Heap after GC invocations=4 (full 0):
 garbage-first heap   total 8192K, used 2223K [0x00000000c1600000, 0x0000000100000000)
  region size 1024K, 1 young (1024K), 1 survivors (1024K)
 Metaspace       used 6815K, capacity 10086K, committed 10112K, reserved 1064960K
  class space    used 822K, capacity 1126K, committed 1152K, reserved 1048576K
}

Deoptimization events (20 events):
Event: 0.157 Thread 0x000001fea3520460 Uncommon trap: trap_request=0xffffffde fr.pc=0x000001feb4a0d4fc relative=0x000000000000079c
Event: 0.157 Thread 0x000001fea3520460 Uncommon trap: reason=class_check action=maybe_recompile pc=0x000001feb4a0d4fc method=java.util.HashMap.putVal(ILjava/lang/Object;Ljava/lang/Object;ZZ)Ljava/lang/Object; @ 152 c2
Event: 0.157 Thread 0x000001fea3520460 DEOPT PACKING pc=0x000001feb4a0d4fc sp=0x000000414a4fda50
Event: 0.157 Thread 0x000001fea3520460 DEOPT UNPACKING pc=0x000001feacf7e42f sp=0x000000414a4fd9d0 mode 2
Event: 0.209 Thread 0x000001fea3520460 Uncommon trap: trap_request=0xffffffde fr.pc=0x000001feb4a136d8 relative=0x0000000000000478
Event: 0.209 Thread 0x000001fea3520460 Uncommon trap: reason=class_check action=maybe_recompile pc=0x000001feb4a136d8 method=java.util.HashMap.putVal(ILjava/lang/Object;Ljava/lang/Object;ZZ)Ljava/lang/Object; @ 253 c2
Event: 0.209 Thread 0x000001fea3520460 DEOPT PACKING pc=0x000001feb4a136d8 sp=0x000000414a4feef0
Event: 0.209 Thread 0x000001fea3520460 DEOPT UNPACKING pc=0x000001feacf7e42f sp=0x000000414a4fee90 mode 2
Event: 0.209 Thread 0x000001fea3520460 Uncommon trap: trap_request=0xffffff45 fr.pc=0x000001feb4a13ac4 relative=0x0000000000000864
Event: 0.209 Thread 0x000001fea3520460 Uncommon trap: reason=unstable_if action=reinterpret pc=0x000001feb4a13ac4 method=java.util.HashMap.putVal(ILjava/lang/Object;Ljava/lang/Object;ZZ)Ljava/lang/Object; @ 181 c2
Event: 0.209 Thread 0x000001fea3520460 DEOPT PACKING pc=0x000001feb4a13ac4 sp=0x000000414a4feef0
Event: 0.209 Thread 0x000001fea3520460 DEOPT UNPACKING pc=0x000001feacf7e42f sp=0x000000414a4fee90 mode 2
Event: 0.498 Thread 0x000001fea3520460 Uncommon trap: trap_request=0xffffff45 fr.pc=0x000001feb4a10060 relative=0x0000000000000060
Event: 0.498 Thread 0x000001fea3520460 Uncommon trap: reason=unstable_if action=reinterpret pc=0x000001feb4a10060 method=java.nio.Buffer.hasRemaining()Z @ 8 c2
Event: 0.498 Thread 0x000001fea3520460 DEOPT PACKING pc=0x000001feb4a10060 sp=0x000000414a4fe5e0
Event: 0.498 Thread 0x000001fea3520460 DEOPT UNPACKING pc=0x000001feacf7e42f sp=0x000000414a4fe578 mode 2
Event: 0.511 Thread 0x000001fea3520460 Uncommon trap: trap_request=0xffffff45 fr.pc=0x000001feb4a26b68 relative=0x0000000000000428
Event: 0.511 Thread 0x000001fea3520460 Uncommon trap: reason=unstable_if action=reinterpret pc=0x000001feb4a26b68 method=java.lang.StringLatin1.replace([BCC)Ljava/lang/String; @ 19 c2
Event: 0.511 Thread 0x000001fea3520460 DEOPT PACKING pc=0x000001feb4a26b68 sp=0x000000414a4fd540
Event: 0.512 Thread 0x000001fea3520460 DEOPT UNPACKING pc=0x000001feacf7e42f sp=0x000000414a4fd4c0 mode 2

Classes unloaded (0 events):
No events

Classes redefined (0 events):
No events

Internal exceptions (17 events):
Event: 0.162 Thread 0x000001fea3520460 Exception <a 'java/lang/NoSuchMethodError'{0x00000000c1cab3e0}: 'java.lang.Object java.lang.invoke.DirectMethodHandle$Holder.invokeStatic(java.lang.Object)'> (0x00000000c1cab3e0) 
thrown [./open/src/hotspot/share/interpreter/linkResolver.cpp, line 782]
Event: 0.202 Thread 0x000001fea3520460 Exception <a 'java/lang/NoSuchMethodError'{0x00000000c1b1bf20}: 'void java.lang.invoke.DirectMethodHandle$Holder.invokeSpecial(java.lang.Object, java.lang.Object, java.lang.Object)'> (0x00000000c1b1bf20) 
thrown [./open/src/hotspot/share/interpreter/linkResolver.cpp, line 782]
Event: 0.251 Thread 0x000001fea3520460 Exception <a 'java/lang/NoSuchMethodError'{0x00000000c1b75660}: 'java.lang.Object java.lang.invoke.DirectMethodHandle$Holder.invokeVirtual(java.lang.Object, java.lang.Object, java.lang.Object)'> (0x00000000c1b75660) 
thrown [./open/src/hotspot/share/interpreter/linkResolver.cpp, line 782]
Event: 0.256 Thread 0x000001fea3520460 Exception <a 'java/lang/NoSuchMethodError'{0x00000000c1b823f0}: 'int java.lang.invoke.DirectMethodHandle$Holder.invokeInterface(java.lang.Object, java.lang.Object)'> (0x00000000c1b823f0) 
thrown [./open/src/hotspot/share/interpreter/linkResolver.cpp, line 782]
Event: 0.263 Thread 0x000001fea3520460 Exception <a 'sun/nio/fs/WindowsException'{0x00000000c1b8c380}> (0x00000000c1b8c380) 
thrown [./open/src/hotspot/share/prims/jni.cpp, line 578]
Event: 0.266 Thread 0x000001fea3520460 Exception <a 'sun/nio/fs/WindowsException'{0x00000000c1b8ce88}> (0x00000000c1b8ce88) 
thrown [./open/src/hotspot/share/prims/jni.cpp, line 578]
Event: 0.266 Thread 0x000001fea3520460 Exception <a 'sun/nio/fs/WindowsException'{0x00000000c1b8de58}> (0x00000000c1b8de58) 
thrown [./open/src/hotspot/share/prims/jni.cpp, line 578]
Event: 0.266 Thread 0x000001fea3520460 Exception <a 'sun/nio/fs/WindowsException'{0x00000000c1b8e2d8}> (0x00000000c1b8e2d8) 
thrown [./open/src/hotspot/share/prims/jni.cpp, line 578]
Event: 0.267 Thread 0x000001fea3520460 Exception <a 'java/lang/NoSuchMethodError'{0x00000000c1b92fa8}: 'int java.lang.invoke.DirectMethodHandle$Holder.invokeVirtual(java.lang.Object, java.lang.Object, java.lang.Object)'> (0x00000000c1b92fa8) 
thrown [./open/src/hotspot/share/interpreter/linkResolver.cpp, line 782]
Event: 0.270 Thread 0x000001fea3520460 Exception <a 'java/lang/NoSuchMethodError'{0x00000000c1b99af8}: 'void java.lang.invoke.DirectMethodHandle$Holder.invokeInterface(java.lang.Object, java.lang.Object, java.lang.Object)'> (0x00000000c1b99af8) 
thrown [./open/src/hotspot/share/interpreter/linkResolver.cpp, line 782]
Event: 0.370 Thread 0x000001fea3520460 Exception <a 'java/lang/NoSuchMethodError'{0x00000000c1dedc40}: 'int java.lang.invoke.DirectMethodHandle$Holder.invokeStaticInit(java.lang.Object, java.lang.Object)'> (0x00000000c1dedc40) 
thrown [./open/src/hotspot/share/interpreter/linkResolver.cpp, line 782]
Event: 0.446 Thread 0x000001fea3520460 Exception <a 'java/lang/NoSuchMethodError'{0x00000000c1db6868}: 'int java.lang.invoke.DirectMethodHandle$Holder.invokeVirtual(java.lang.Object, java.lang.Object)'> (0x00000000c1db6868) 
thrown [./open/src/hotspot/share/interpreter/linkResolver.cpp, line 782]
Event: 0.451 Thread 0x000001fea3520460 Exception <a 'java/lang/NoSuchMethodError'{0x00000000c1de13c8}: 'java.lang.Object java.lang.invoke.DirectMethodHandle$Holder.newInvokeSpecial(java.lang.Object, java.lang.Object, java.lang.Object, java.lang.Object, java.lang.Object)'> (0x00000000c1de13c8) 
thrown [./open/src/hotspot/share/interpreter/linkResolver.cpp, line 782]
Event: 0.454 Thread 0x000001fea3520460 Exception <a 'java/lang/NoSuchMethodError'{0x00000000c1df1a98}: 'java.lang.Object java.lang.invoke.DirectMethodHandle$Holder.newInvokeSpecial(java.lang.Object, java.lang.Object, java.lang.Object, java.lang.Object, java.lang.Object, java.lang.Object)'> (0x00000000c1df1a98) 
thrown [./open/src/hotspot/share/interpreter/linkResolver.cpp, line 782]
Event: 0.487 Thread 0x000001fea3520460 Exception <a 'sun/nio/fs/WindowsException'{0x00000000c1d49218}> (0x00000000c1d49218) 
thrown [./open/src/hotspot/share/prims/jni.cpp, line 578]
Event: 0.487 Thread 0x000001fea3520460 Exception <a 'sun/nio/fs/WindowsException'{0x00000000c1d49458}> (0x00000000c1d49458) 
thrown [./open/src/hotspot/share/prims/jni.cpp, line 578]
Event: 0.500 Thread 0x000001fea3520460 Exception <a 'java/lang/NoSuchMethodError'{0x00000000c1d69570}: 'java.lang.Object java.lang.invoke.DirectMethodHandle$Holder.invokeStaticInit(java.lang.Object)'> (0x00000000c1d69570) 
thrown [./open/src/hotspot/share/interpreter/linkResolver.cpp, line 782]

Events (20 events):
Event: 0.499 loading class java/util/LinkedHashMap$LinkedKeySet done
Event: 0.499 loading class java/util/LinkedHashMap$LinkedKeyIterator
Event: 0.499 loading class java/util/LinkedHashMap$LinkedKeyIterator done
Event: 0.499 loading class jdk/internal/jrtfs/JrtFileSystem
Event: 0.499 loading class jdk/internal/jrtfs/JrtFileSystem done
Event: 0.499 loading class jdk/internal/jrtfs/JrtPath
Event: 0.499 loading class jdk/internal/jrtfs/JrtPath done
Event: 0.499 loading class jdk/internal/jrtfs/SystemImage
Event: 0.499 loading class jdk/internal/jrtfs/SystemImage done
Event: 0.500 loading class java/security/AllPermissionCollection
Event: 0.500 loading class java/security/AllPermissionCollection done
Event: 0.501 loading class jdk/internal/jrtfs/SystemImage$2
Event: 0.501 loading class jdk/internal/jrtfs/SystemImage$2 done
Event: 0.501 loading class jdk/internal/jimage/ImageReader$Directory
Event: 0.501 loading class jdk/internal/jimage/ImageReader$Node
Event: 0.501 loading class jdk/internal/jimage/ImageReader$Node done
Event: 0.501 loading class jdk/internal/jimage/ImageReader$Directory done
Event: 0.501 loading class jdk/internal/jrtfs/SystemImage$1
Event: 0.501 loading class jdk/internal/jrtfs/SystemImage$1 done
Event: 0.517 Executing VM operation: CollectForMetadataAllocation


Dynamic libraries:
0x00007ff7068d0000 - 0x00007ff7068d8000 	C:\Program Files\Java\jdk-15.0.2\bin\javac.exe
0x00007ffc06850000 - 0x00007ffc06a45000 	C:\WINDOWS\SYSTEM32\ntdll.dll
0x00007ffbe6160000 - 0x00007ffbe6176000 	C:\Program Files\Avast Software\Avast\aswhook.dll
0x00007ffc06130000 - 0x00007ffc061ee000 	C:\WINDOWS\System32\KERNEL32.DLL
0x00007ffc043d0000 - 0x00007ffc04698000 	C:\WINDOWS\System32\KERNELBASE.dll
0x00007ffc040c0000 - 0x00007ffc041c0000 	C:\WINDOWS\System32\ucrtbase.dll
0x00007ffbed050000 - 0x00007ffbed068000 	C:\Program Files\Java\jdk-15.0.2\bin\jli.dll
0x00007ffbfde90000 - 0x00007ffbfdea9000 	C:\Program Files\Java\jdk-15.0.2\bin\VCRUNTIME140.dll
0x00007ffc05fa0000 - 0x00007ffc0604e000 	C:\WINDOWS\System32\ADVAPI32.dll
0x00007ffc05310000 - 0x00007ffc053ae000 	C:\WINDOWS\System32\msvcrt.dll
0x00007ffc04900000 - 0x00007ffc0499c000 	C:\WINDOWS\System32\sechost.dll
0x00007ffc06260000 - 0x00007ffc06385000 	C:\WINDOWS\System32\RPCRT4.dll
0x00007ffc05480000 - 0x00007ffc05620000 	C:\WINDOWS\System32\USER32.dll
0x00007ffc04090000 - 0x00007ffc040b2000 	C:\WINDOWS\System32\win32u.dll
0x00007ffbfa730000 - 0x00007ffbfa9ca000 	C:\WINDOWS\WinSxS\amd64_microsoft.windows.common-controls_6595b64144ccf1df_6.0.19041.1110_none_60b5254171f9507e\COMCTL32.dll
0x00007ffc06100000 - 0x00007ffc0612b000 	C:\WINDOWS\System32\GDI32.dll
0x00007ffc042c0000 - 0x00007ffc043cd000 	C:\WINDOWS\System32\gdi32full.dll
0x00007ffc03f60000 - 0x00007ffc03ffd000 	C:\WINDOWS\System32\msvcp_win.dll
0x00007ffbfde50000 - 0x00007ffbfde5a000 	C:\WINDOWS\SYSTEM32\VERSION.dll
0x00007ffc057c0000 - 0x00007ffc057f0000 	C:\WINDOWS\System32\IMM32.DLL
0x00007ffbff8c0000 - 0x00007ffbff8cc000 	C:\Program Files\Java\jdk-15.0.2\bin\vcruntime140_1.dll
0x00007ffbe5280000 - 0x00007ffbe5311000 	C:\Program Files\Java\jdk-15.0.2\bin\msvcp140.dll
0x00007ffbacb60000 - 0x00007ffbad6be000 	C:\Program Files\Java\jdk-15.0.2\bin\server\jvm.dll
0x00007ffc05410000 - 0x00007ffc05418000 	C:\WINDOWS\System32\PSAPI.DLL
0x00007ffbfabb0000 - 0x00007ffbfabd7000 	C:\WINDOWS\SYSTEM32\WINMM.dll
0x00007ffbf97e0000 - 0x00007ffbf97e9000 	C:\WINDOWS\SYSTEM32\WSOCK32.dll
0x00007ffc061f0000 - 0x00007ffc0625b000 	C:\WINDOWS\System32\WS2_32.dll
0x00007ffc01e50000 - 0x00007ffc01e62000 	C:\WINDOWS\SYSTEM32\kernel.appcore.dll
0x00007ffbfeef0000 - 0x00007ffbfeefa000 	C:\Program Files\Java\jdk-15.0.2\bin\jimage.dll
0x00007ffbfd920000 - 0x00007ffbfdb04000 	C:\WINDOWS\SYSTEM32\DBGHELP.DLL
0x00007ffbfd580000 - 0x00007ffbfd5ac000 	C:\WINDOWS\SYSTEM32\dbgcore.DLL
0x00007ffc04000000 - 0x00007ffc04082000 	C:\WINDOWS\System32\bcryptPrimitives.dll
0x00007ffbfcb20000 - 0x00007ffbfcb45000 	C:\Program Files\Java\jdk-15.0.2\bin\java.dll
0x00007ffc04b60000 - 0x00007ffc052a4000 	C:\WINDOWS\System32\SHELL32.dll
0x00007ffc02050000 - 0x00007ffc027e4000 	C:\WINDOWS\SYSTEM32\windows.storage.dll
0x00007ffc05b40000 - 0x00007ffc05e95000 	C:\WINDOWS\System32\combase.dll
0x00007ffc039b0000 - 0x00007ffc039de000 	C:\WINDOWS\SYSTEM32\Wldp.dll
0x00007ffc05a90000 - 0x00007ffc05b3d000 	C:\WINDOWS\System32\SHCORE.dll
0x00007ffc048a0000 - 0x00007ffc048f5000 	C:\WINDOWS\System32\shlwapi.dll
0x00007ffc03ea0000 - 0x00007ffc03ebf000 	C:\WINDOWS\SYSTEM32\profapi.dll
0x00007ffbfd0e0000 - 0x00007ffbfd0f9000 	C:\Program Files\Java\jdk-15.0.2\bin\net.dll
0x00007ffbfa1e0000 - 0x00007ffbfa2ec000 	C:\WINDOWS\SYSTEM32\WINHTTP.dll
0x00007ffc03710000 - 0x00007ffc0377a000 	C:\WINDOWS\system32\mswsock.dll
0x00007ffbfc0e0000 - 0x00007ffbfc0f2000 	C:\Program Files\Java\jdk-15.0.2\bin\nio.dll

dbghelp: loaded successfully - version: 4.0.5 - missing functions: none
symbol engine: initialized successfully - sym options: 0x614 - pdb path: .;C:\Program Files\Java\jdk-15.0.2\bin;C:\WINDOWS\SYSTEM32;C:\Program Files\Avast Software\Avast;C:\WINDOWS\WinSxS\amd64_microsoft.windows.common-controls_6595b64144ccf1df_6.0.19041.1110_none_60b5254171f9507e;C:\Program Files\Java\jdk-15.0.2\bin\server

VM Arguments:
jvm_args: -Dapplication.home=C:\Program Files\Java\jdk-15.0.2 --add-modules=ALL-DEFAULT -Xms8m -Djdk.module.main=jdk.compiler 
java_command: jdk.compiler/com.sun.tools.javac.Main -d C:\Users\Yorman Colina\OneDrive\Desktop\Talleres Sofka\buenas practicas de programación\Lista-musica-Java\music list\build\classes -classpath C:\Users\Yorman Colina\OneDrive\Desktop\Talleres Sofka\buenas practicas de programación\Lista-musica-Java\music list\build\classes -sourcepath C:\Users\Yorman Colina\OneDrive\Desktop\Talleres Sofka\buenas practicas de programación\Lista-musica-Java\music list\build\empty -target 15 -encoding UTF-8 -g -processorpath C:\Users\Yorman Colina\OneDrive\Desktop\Talleres Sofka\buenas practicas de programación\Lista-musica-Java\music list\build\empty -s C:\Users\Yorman Colina\OneDrive\Desktop\Talleres Sofka\buenas practicas de programación\Lista-musica-Java\music list\build\generated-sources\ap-source-output -source 15 C:\Users\Yorman Colina\OneDrive\Desktop\Talleres Sofka\buenas practicas de programación\Lista-musica-Java\music list\src\music\list\Album.java C:\Users\Yorman Colina\OneDrive\Desktop\Talleres Sofka\buenas practicas de programación\Lista-musica-Java\music list\src\music\list\FilterMusic.java C:\Users\Yorman Colina\OneDrive\Desktop\Talleres Sofka\buenas practicas de programación\Lista-musica-Java\music list\src\music\list\IMusic.java C:\Users\Yorman Colina\OneDrive\Desktop\Talleres Sofka\buenas practicas de programación\Lista-musica-Java\music list\src\music\list\Music.java C:\Users\Yorman Colina\OneDrive\Desktop\Talleres Sofka\buenas practicas de programación\Lista-musica-Java\music list\src\music\list\MusicList.java
java_class_path (initial): <not set>
Launcher Type: SUN_STANDARD

[Global flags]
     intx CICompilerCount                          = 3                                         {product} {ergonomic}
     uint ConcGCThreads                            = 1                                         {product} {ergonomic}
     uint G1ConcRefinementThreads                  = 4                                         {product} {ergonomic}
   size_t G1HeapRegionSize                         = 1048576                                   {product} {ergonomic}
    uintx GCDrainStackTargetSize                   = 64                                        {product} {ergonomic}
   size_t InitialHeapSize                          = 8388608                                   {product} {command line}
   size_t MarkStackSize                            = 4194304                                   {product} {ergonomic}
   size_t MaxHeapSize                              = 1050673152                                {product} {ergonomic}
   size_t MaxNewSize                               = 630194176                                 {product} {ergonomic}
   size_t MinHeapDeltaBytes                        = 1048576                                   {product} {ergonomic}
   size_t MinHeapSize                              = 8388608                                   {product} {command line}
    uintx NonNMethodCodeHeapSize                   = 5832780                                {pd product} {ergonomic}
    uintx NonProfiledCodeHeapSize                  = 122912730                              {pd product} {ergonomic}
    uintx ProfiledCodeHeapSize                     = 122912730                              {pd product} {ergonomic}
    uintx ReservedCodeCacheSize                    = 251658240                              {pd product} {ergonomic}
     bool SegmentedCodeCache                       = true                                      {product} {ergonomic}
   size_t SoftMaxHeapSize                          = 1050673152                             {manageable} {ergonomic}
     bool UseCompressedClassPointers               = true                                 {lp64_product} {ergonomic}
     bool UseCompressedOops                        = true                                 {lp64_product} {ergonomic}
     bool UseG1GC                                  = true                                      {product} {ergonomic}
     bool UseLargePagesIndividualAllocation        = false                                  {pd product} {ergonomic}

Logging:
Log output configuration:
 #0: stdout all=warning uptime,level,tags
 #1: stderr all=off uptime,level,tags

Environment Variables:
JAVA_HOME=C:\Program Files\OpenJDK\openjdk-8u302-b08
PATH=C:\Program Files\Common Files\Oracle\Java\javapath;C:\WINDOWS\system32;C:\WINDOWS;C:\WINDOWS\System32\Wbem;C:\WINDOWS\System32\WindowsPowerShell\v1.0\;C:\WINDOWS\System32\OpenSSH\;C:\Program Files\Git\cmd;C:\ProgramData\chocolatey\bin;C:\Program Files\OpenJDK\openjdk-8u302-b08\bin;C:\Program Files\nodejs\;C:\Users\Yorman Colina\AppData\Local\Microsoft\WindowsApps;;C:\Users\Yorman Colina\AppData\Local\Programs\Microsoft VS Code\bin;C:\Program Files\heroku\bin;C:\Users\Yorman Colina\AppData\Roaming\npm
USERNAME=Yorman Colina
OS=Windows_NT
PROCESSOR_IDENTIFIER=Intel64 Family 6 Model 69 Stepping 1, GenuineIntel



---------------  S Y S T E M  ---------------

OS:
 Windows 10 , 64 bit Build 19041 (10.0.19041.1503)
OS uptime: 0 days 9:05 hours

CPU: total 4 (initial active 4) (2 cores per cpu, 2 threads per core) family 6 model 69 stepping 1 microcode 0x25, cmov, cx8, fxsr, mmx, sse, sse2, sse3, ssse3, sse4.1, sse4.2, popcnt, vzeroupper, avx, avx2, aes, clmul, erms, lzcnt, ht, tsc, tscinvbit, bmi1, bmi2, fma, clflush

Memory: 4k page, system-wide physical 4001M (589M free)
TotalPageFile size 6801M (AvailPageFile size 3M)
current process WorkingSet (physical memory assigned to process): 52M, peak: 52M
current process commit charge ("private bytes"): 89M, peak: 90M

vm_info: Java HotSpot(TM) 64-Bit Server VM (15.0.2+7-27) for windows-amd64 JRE (15.0.2+7-27), built on Dec  7 2020 20:07:01 by "mach5one" with unknown MS VC++:1925

END.
